<testsuites id="" name="" tests="100" failures="14" skipped="86" errors="0" time="105.996712">
<testsuite name="e2e\auth.spec.js" timestamp="2025-08-08T22:53:42.161Z" hostname="chromium" tests="6" failures="6" skipped="0" time="232.91" errors="0">
<testcase name="Authentication Flow › should register new user successfully" classname="e2e\auth.spec.js" time="38.929">
<failure message="auth.spec.js:5:3 should register new user successfully" type="FAILURE">
<![CDATA[  [chromium] › e2e\auth.spec.js:5:3 › Authentication Flow › should register new user successfully ──

    TimeoutError: page.click: Timeout 30000ms exceeded.
    Call log:
      - waiting for locator('[data-testid="register-tab"]')


       7 |     
       8 |     // Switch to registration mode
    >  9 |     await page.click('[data-testid="register-tab"]')
         |                ^
      10 |     
      11 |     // Fill registration form
      12 |     await page.fill('[data-testid="first-name-input"]', 'John')
        at C:\Users\parth\OneDrive\Desktop\Github\Excel-AI-Website\Excel-AI-Website\excel-ai-frontend\tests\e2e\auth.spec.js:9:16

    attachment #1: screenshot (image/png) ──────────────────────────────────────────────────────────
    ..\test-results\e2e-auth-Authentication-Fl-43dcb-ister-new-user-successfully-chromium\test-failed-1.png
    ────────────────────────────────────────────────────────────────────────────────────────────────

    attachment #2: video (video/webm) ──────────────────────────────────────────────────────────────
    ..\test-results\e2e-auth-Authentication-Fl-43dcb-ister-new-user-successfully-chromium\video.webm
    ────────────────────────────────────────────────────────────────────────────────────────────────
]]>
</failure>
<system-out>
<![CDATA[
[[ATTACHMENT|e2e-auth-Authentication-Fl-43dcb-ister-new-user-successfully-chromium\test-failed-1.png]]

[[ATTACHMENT|e2e-auth-Authentication-Fl-43dcb-ister-new-user-successfully-chromium\video.webm]]
]]>
</system-out>
</testcase>
<testcase name="Authentication Flow › should login existing user successfully" classname="e2e\auth.spec.js" time="38.67">
<failure message="auth.spec.js:26:3 should login existing user successfully" type="FAILURE">
<![CDATA[  [chromium] › e2e\auth.spec.js:26:3 › Authentication Flow › should login existing user successfully 

    TimeoutError: page.fill: Timeout 30000ms exceeded.
    Call log:
      - waiting for locator('[data-testid="email-input"]')


      28 |     
      29 |     // Fill login form
    > 30 |     await page.fill('[data-testid="email-input"]', 'test@example.com')
         |                ^
      31 |     await page.fill('[data-testid="password-input"]', 'testpassword123')
      32 |     
      33 |     // Submit login
        at C:\Users\parth\OneDrive\Desktop\Github\Excel-AI-Website\Excel-AI-Website\excel-ai-frontend\tests\e2e\auth.spec.js:30:16

    attachment #1: screenshot (image/png) ──────────────────────────────────────────────────────────
    ..\test-results\e2e-auth-Authentication-Fl-94c18--existing-user-successfully-chromium\test-failed-1.png
    ────────────────────────────────────────────────────────────────────────────────────────────────

    attachment #2: video (video/webm) ──────────────────────────────────────────────────────────────
    ..\test-results\e2e-auth-Authentication-Fl-94c18--existing-user-successfully-chromium\video.webm
    ────────────────────────────────────────────────────────────────────────────────────────────────
]]>
</failure>
<system-out>
<![CDATA[
[[ATTACHMENT|e2e-auth-Authentication-Fl-94c18--existing-user-successfully-chromium\test-failed-1.png]]

[[ATTACHMENT|e2e-auth-Authentication-Fl-94c18--existing-user-successfully-chromium\video.webm]]
]]>
</system-out>
</testcase>
<testcase name="Authentication Flow › should show error for invalid credentials" classname="e2e\auth.spec.js" time="39.208">
<failure message="auth.spec.js:41:3 should show error for invalid credentials" type="FAILURE">
<![CDATA[  [chromium] › e2e\auth.spec.js:41:3 › Authentication Flow › should show error for invalid credentials 

    TimeoutError: page.fill: Timeout 30000ms exceeded.
    Call log:
      - waiting for locator('[data-testid="email-input"]')


      43 |     
      44 |     // Fill with invalid credentials
    > 45 |     await page.fill('[data-testid="email-input"]', 'invalid@example.com')
         |                ^
      46 |     await page.fill('[data-testid="password-input"]', 'wrongpassword')
      47 |     
      48 |     // Submit login
        at C:\Users\parth\OneDrive\Desktop\Github\Excel-AI-Website\Excel-AI-Website\excel-ai-frontend\tests\e2e\auth.spec.js:45:16

    attachment #1: screenshot (image/png) ──────────────────────────────────────────────────────────
    ..\test-results\e2e-auth-Authentication-Fl-5a1b3-ror-for-invalid-credentials-chromium\test-failed-1.png
    ────────────────────────────────────────────────────────────────────────────────────────────────

    attachment #2: video (video/webm) ──────────────────────────────────────────────────────────────
    ..\test-results\e2e-auth-Authentication-Fl-5a1b3-ror-for-invalid-credentials-chromium\video.webm
    ────────────────────────────────────────────────────────────────────────────────────────────────
]]>
</failure>
<system-out>
<![CDATA[
[[ATTACHMENT|e2e-auth-Authentication-Fl-5a1b3-ror-for-invalid-credentials-chromium\test-failed-1.png]]

[[ATTACHMENT|e2e-auth-Authentication-Fl-5a1b3-ror-for-invalid-credentials-chromium\video.webm]]
]]>
</system-out>
</testcase>
<testcase name="Authentication Flow › should logout user successfully" classname="e2e\auth.spec.js" time="38.758">
<failure message="auth.spec.js:56:3 should logout user successfully" type="FAILURE">
<![CDATA[  [chromium] › e2e\auth.spec.js:56:3 › Authentication Flow › should logout user successfully ───────

    TimeoutError: page.fill: Timeout 30000ms exceeded.
    Call log:
      - waiting for locator('[data-testid="email-input"]')


       at fixtures\test-utils.js:12

      10 |     // Login before each test that needs authentication
      11 |     await page.goto('/auth')
    > 12 |     await page.fill('[data-testid="email-input"]', 'test@example.com')
         |                ^
      13 |     await page.fill('[data-testid="password-input"]', 'testpassword123')
      14 |     await page.click('[data-testid="login-button"]')
      15 |     
        at Object.authenticatedPage (C:\Users\parth\OneDrive\Desktop\Github\Excel-AI-Website\Excel-AI-Website\excel-ai-frontend\tests\fixtures\test-utils.js:12:16)

    attachment #1: screenshot (image/png) ──────────────────────────────────────────────────────────
    ..\test-results\e2e-auth-Authentication-Flow-should-logout-user-successfully-chromium\test-failed-1.png
    ────────────────────────────────────────────────────────────────────────────────────────────────

    attachment #2: video (video/webm) ──────────────────────────────────────────────────────────────
    ..\test-results\e2e-auth-Authentication-Flow-should-logout-user-successfully-chromium\video.webm
    ────────────────────────────────────────────────────────────────────────────────────────────────
]]>
</failure>
<system-out>
<![CDATA[
[[ATTACHMENT|e2e-auth-Authentication-Flow-should-logout-user-successfully-chromium\test-failed-1.png]]

[[ATTACHMENT|e2e-auth-Authentication-Flow-should-logout-user-successfully-chromium\video.webm]]
]]>
</system-out>
</testcase>
<testcase name="Authentication Flow › should persist authentication across page reloads" classname="e2e\auth.spec.js" time="38.765">
<failure message="auth.spec.js:68:3 should persist authentication across page reloads" type="FAILURE">
<![CDATA[  [chromium] › e2e\auth.spec.js:68:3 › Authentication Flow › should persist authentication across page reloads 

    TimeoutError: page.fill: Timeout 30000ms exceeded.
    Call log:
      - waiting for locator('[data-testid="email-input"]')


       at fixtures\test-utils.js:12

      10 |     // Login before each test that needs authentication
      11 |     await page.goto('/auth')
    > 12 |     await page.fill('[data-testid="email-input"]', 'test@example.com')
         |                ^
      13 |     await page.fill('[data-testid="password-input"]', 'testpassword123')
      14 |     await page.click('[data-testid="login-button"]')
      15 |     
        at Object.authenticatedPage (C:\Users\parth\OneDrive\Desktop\Github\Excel-AI-Website\Excel-AI-Website\excel-ai-frontend\tests\fixtures\test-utils.js:12:16)

    attachment #1: screenshot (image/png) ──────────────────────────────────────────────────────────
    ..\test-results\e2e-auth-Authentication-Fl-94f73-ication-across-page-reloads-chromium\test-failed-1.png
    ────────────────────────────────────────────────────────────────────────────────────────────────

    attachment #2: video (video/webm) ──────────────────────────────────────────────────────────────
    ..\test-results\e2e-auth-Authentication-Fl-94f73-ication-across-page-reloads-chromium\video.webm
    ────────────────────────────────────────────────────────────────────────────────────────────────
]]>
</failure>
<system-out>
<![CDATA[
[[ATTACHMENT|e2e-auth-Authentication-Fl-94f73-ication-across-page-reloads-chromium\test-failed-1.png]]

[[ATTACHMENT|e2e-auth-Authentication-Fl-94f73-ication-across-page-reloads-chromium\video.webm]]
]]>
</system-out>
</testcase>
<testcase name="Authentication Flow › should handle password reset flow" classname="e2e\auth.spec.js" time="38.58">
<failure message="auth.spec.js:79:3 should handle password reset flow" type="FAILURE">
<![CDATA[  [chromium] › e2e\auth.spec.js:79:3 › Authentication Flow › should handle password reset flow ─────

    TimeoutError: page.click: Timeout 30000ms exceeded.
    Call log:
      - waiting for locator('[data-testid="forgot-password-link"]')


      81 |     
      82 |     // Click forgot password
    > 83 |     await page.click('[data-testid="forgot-password-link"]')
         |                ^
      84 |     
      85 |     // Fill email
      86 |     await page.fill('[data-testid="reset-email-input"]', 'test@example.com')
        at C:\Users\parth\OneDrive\Desktop\Github\Excel-AI-Website\Excel-AI-Website\excel-ai-frontend\tests\e2e\auth.spec.js:83:16

    attachment #1: screenshot (image/png) ──────────────────────────────────────────────────────────
    ..\test-results\e2e-auth-Authentication-Fl-68d3c--handle-password-reset-flow-chromium\test-failed-1.png
    ────────────────────────────────────────────────────────────────────────────────────────────────

    attachment #2: video (video/webm) ──────────────────────────────────────────────────────────────
    ..\test-results\e2e-auth-Authentication-Fl-68d3c--handle-password-reset-flow-chromium\video.webm
    ────────────────────────────────────────────────────────────────────────────────────────────────
]]>
</failure>
<system-out>
<![CDATA[
[[ATTACHMENT|e2e-auth-Authentication-Fl-68d3c--handle-password-reset-flow-chromium\test-failed-1.png]]

[[ATTACHMENT|e2e-auth-Authentication-Fl-68d3c--handle-password-reset-flow-chromium\video.webm]]
]]>
</system-out>
</testcase>
</testsuite>
<testsuite name="e2e\file-upload.spec.js" timestamp="2025-08-08T22:53:42.161Z" hostname="chromium" tests="7" failures="6" skipped="1" time="244.904" errors="0">
<testcase name="File Upload and Analysis › should upload CSV file and show analysis" classname="e2e\file-upload.spec.js" time="38.188">
<failure message="file-upload.spec.js:5:3 should upload CSV file and show analysis" type="FAILURE">
<![CDATA[  [chromium] › e2e\file-upload.spec.js:5:3 › File Upload and Analysis › should upload CSV file and show analysis 

    TimeoutError: page.fill: Timeout 30000ms exceeded.
    Call log:
      - waiting for locator('[data-testid="email-input"]')


       at fixtures\test-utils.js:12

      10 |     // Login before each test that needs authentication
      11 |     await page.goto('/auth')
    > 12 |     await page.fill('[data-testid="email-input"]', 'test@example.com')
         |                ^
      13 |     await page.fill('[data-testid="password-input"]', 'testpassword123')
      14 |     await page.click('[data-testid="login-button"]')
      15 |     
        at Object.authenticatedPage (C:\Users\parth\OneDrive\Desktop\Github\Excel-AI-Website\Excel-AI-Website\excel-ai-frontend\tests\fixtures\test-utils.js:12:16)

    attachment #1: screenshot (image/png) ──────────────────────────────────────────────────────────
    ..\test-results\e2e-file-upload-File-Uploa-516fa--CSV-file-and-show-analysis-chromium\test-failed-1.png
    ────────────────────────────────────────────────────────────────────────────────────────────────

    attachment #2: video (video/webm) ──────────────────────────────────────────────────────────────
    ..\test-results\e2e-file-upload-File-Uploa-516fa--CSV-file-and-show-analysis-chromium\video.webm
    ────────────────────────────────────────────────────────────────────────────────────────────────
]]>
</failure>
<system-out>
<![CDATA[
[[ATTACHMENT|e2e-file-upload-File-Uploa-516fa--CSV-file-and-show-analysis-chromium\test-failed-1.png]]

[[ATTACHMENT|e2e-file-upload-File-Uploa-516fa--CSV-file-and-show-analysis-chromium\video.webm]]
]]>
</system-out>
</testcase>
<testcase name="File Upload and Analysis › should handle large file upload with progress" classname="e2e\file-upload.spec.js" time="38.345">
<failure message="file-upload.spec.js:23:3 should handle large file upload with progress" type="FAILURE">
<![CDATA[  [chromium] › e2e\file-upload.spec.js:23:3 › File Upload and Analysis › should handle large file upload with progress 

    TimeoutError: page.fill: Timeout 30000ms exceeded.
    Call log:
      - waiting for locator('[data-testid="email-input"]')


       at fixtures\test-utils.js:12

      10 |     // Login before each test that needs authentication
      11 |     await page.goto('/auth')
    > 12 |     await page.fill('[data-testid="email-input"]', 'test@example.com')
         |                ^
      13 |     await page.fill('[data-testid="password-input"]', 'testpassword123')
      14 |     await page.click('[data-testid="login-button"]')
      15 |     
        at Object.authenticatedPage (C:\Users\parth\OneDrive\Desktop\Github\Excel-AI-Website\Excel-AI-Website\excel-ai-frontend\tests\fixtures\test-utils.js:12:16)

    attachment #1: screenshot (image/png) ──────────────────────────────────────────────────────────
    ..\test-results\e2e-file-upload-File-Uploa-10db5-e-file-upload-with-progress-chromium\test-failed-1.png
    ────────────────────────────────────────────────────────────────────────────────────────────────

    attachment #2: video (video/webm) ──────────────────────────────────────────────────────────────
    ..\test-results\e2e-file-upload-File-Uploa-10db5-e-file-upload-with-progress-chromium\video.webm
    ────────────────────────────────────────────────────────────────────────────────────────────────
]]>
</failure>
<system-out>
<![CDATA[
[[ATTACHMENT|e2e-file-upload-File-Uploa-10db5-e-file-upload-with-progress-chromium\test-failed-1.png]]

[[ATTACHMENT|e2e-file-upload-File-Uploa-10db5-e-file-upload-with-progress-chromium\video.webm]]
]]>
</system-out>
</testcase>
<testcase name="File Upload and Analysis › should validate file types and show appropriate errors" classname="e2e\file-upload.spec.js" time="38.313">
<failure message="file-upload.spec.js:42:3 should validate file types and show appropriate errors" type="FAILURE">
<![CDATA[  [chromium] › e2e\file-upload.spec.js:42:3 › File Upload and Analysis › should validate file types and show appropriate errors 

    TimeoutError: page.fill: Timeout 30000ms exceeded.
    Call log:
      - waiting for locator('[data-testid="email-input"]')


       at fixtures\test-utils.js:12

      10 |     // Login before each test that needs authentication
      11 |     await page.goto('/auth')
    > 12 |     await page.fill('[data-testid="email-input"]', 'test@example.com')
         |                ^
      13 |     await page.fill('[data-testid="password-input"]', 'testpassword123')
      14 |     await page.click('[data-testid="login-button"]')
      15 |     
        at Object.authenticatedPage (C:\Users\parth\OneDrive\Desktop\Github\Excel-AI-Website\Excel-AI-Website\excel-ai-frontend\tests\fixtures\test-utils.js:12:16)

    attachment #1: screenshot (image/png) ──────────────────────────────────────────────────────────
    ..\test-results\e2e-file-upload-File-Uploa-96df6-and-show-appropriate-errors-chromium\test-failed-1.png
    ────────────────────────────────────────────────────────────────────────────────────────────────

    attachment #2: video (video/webm) ──────────────────────────────────────────────────────────────
    ..\test-results\e2e-file-upload-File-Uploa-96df6-and-show-appropriate-errors-chromium\video.webm
    ────────────────────────────────────────────────────────────────────────────────────────────────
]]>
</failure>
<system-out>
<![CDATA[
[[ATTACHMENT|e2e-file-upload-File-Uploa-96df6-and-show-appropriate-errors-chromium\test-failed-1.png]]

[[ATTACHMENT|e2e-file-upload-File-Uploa-96df6-and-show-appropriate-errors-chromium\video.webm]]
]]>
</system-out>
</testcase>
<testcase name="File Upload and Analysis › should handle file size limits" classname="e2e\file-upload.spec.js" time="38.217">
<failure message="file-upload.spec.js:55:3 should handle file size limits" type="FAILURE">
<![CDATA[  [chromium] › e2e\file-upload.spec.js:55:3 › File Upload and Analysis › should handle file size limits 

    TimeoutError: page.fill: Timeout 30000ms exceeded.
    Call log:
      - waiting for locator('[data-testid="email-input"]')


       at fixtures\test-utils.js:12

      10 |     // Login before each test that needs authentication
      11 |     await page.goto('/auth')
    > 12 |     await page.fill('[data-testid="email-input"]', 'test@example.com')
         |                ^
      13 |     await page.fill('[data-testid="password-input"]', 'testpassword123')
      14 |     await page.click('[data-testid="login-button"]')
      15 |     
        at Object.authenticatedPage (C:\Users\parth\OneDrive\Desktop\Github\Excel-AI-Website\Excel-AI-Website\excel-ai-frontend\tests\fixtures\test-utils.js:12:16)

    attachment #1: screenshot (image/png) ──────────────────────────────────────────────────────────
    ..\test-results\e2e-file-upload-File-Uploa-1ee81-uld-handle-file-size-limits-chromium\test-failed-1.png
    ────────────────────────────────────────────────────────────────────────────────────────────────

    attachment #2: video (video/webm) ──────────────────────────────────────────────────────────────
    ..\test-results\e2e-file-upload-File-Uploa-1ee81-uld-handle-file-size-limits-chromium\video.webm
    ────────────────────────────────────────────────────────────────────────────────────────────────
]]>
</failure>
<system-out>
<![CDATA[
[[ATTACHMENT|e2e-file-upload-File-Uploa-1ee81-uld-handle-file-size-limits-chromium\test-failed-1.png]]

[[ATTACHMENT|e2e-file-upload-File-Uploa-1ee81-uld-handle-file-size-limits-chromium\video.webm]]
]]>
</system-out>
</testcase>
<testcase name="File Upload and Analysis › should analyze Google Sheets URL" classname="e2e\file-upload.spec.js" time="37.704">
<failure message="file-upload.spec.js:68:3 should analyze Google Sheets URL" type="FAILURE">
<![CDATA[  [chromium] › e2e\file-upload.spec.js:68:3 › File Upload and Analysis › should analyze Google Sheets URL 

    TimeoutError: page.fill: Timeout 30000ms exceeded.
    Call log:
      - waiting for locator('[data-testid="email-input"]')


       at fixtures\test-utils.js:12

      10 |     // Login before each test that needs authentication
      11 |     await page.goto('/auth')
    > 12 |     await page.fill('[data-testid="email-input"]', 'test@example.com')
         |                ^
      13 |     await page.fill('[data-testid="password-input"]', 'testpassword123')
      14 |     await page.click('[data-testid="login-button"]')
      15 |     
        at Object.authenticatedPage (C:\Users\parth\OneDrive\Desktop\Github\Excel-AI-Website\Excel-AI-Website\excel-ai-frontend\tests\fixtures\test-utils.js:12:16)

    attachment #1: screenshot (image/png) ──────────────────────────────────────────────────────────
    ..\test-results\e2e-file-upload-File-Uploa-163ca-d-analyze-Google-Sheets-URL-chromium\test-failed-1.png
    ────────────────────────────────────────────────────────────────────────────────────────────────

    attachment #2: video (video/webm) ──────────────────────────────────────────────────────────────
    ..\test-results\e2e-file-upload-File-Uploa-163ca-d-analyze-Google-Sheets-URL-chromium\video.webm
    ────────────────────────────────────────────────────────────────────────────────────────────────
]]>
</failure>
<system-out>
<![CDATA[
[[ATTACHMENT|e2e-file-upload-File-Uploa-163ca-d-analyze-Google-Sheets-URL-chromium\test-failed-1.png]]

[[ATTACHMENT|e2e-file-upload-File-Uploa-163ca-d-analyze-Google-Sheets-URL-chromium\video.webm]]
]]>
</system-out>
</testcase>
<testcase name="File Upload and Analysis › should validate Google Sheets URL format" classname="e2e\file-upload.spec.js" time="37.288">
<failure message="file-upload.spec.js:89:3 should validate Google Sheets URL format" type="FAILURE">
<![CDATA[  [chromium] › e2e\file-upload.spec.js:89:3 › File Upload and Analysis › should validate Google Sheets URL format 

    TimeoutError: page.fill: Timeout 30000ms exceeded.
    Call log:
      - waiting for locator('[data-testid="email-input"]')


       at fixtures\test-utils.js:12

      10 |     // Login before each test that needs authentication
      11 |     await page.goto('/auth')
    > 12 |     await page.fill('[data-testid="email-input"]', 'test@example.com')
         |                ^
      13 |     await page.fill('[data-testid="password-input"]', 'testpassword123')
      14 |     await page.click('[data-testid="login-button"]')
      15 |     
        at Object.authenticatedPage (C:\Users\parth\OneDrive\Desktop\Github\Excel-AI-Website\Excel-AI-Website\excel-ai-frontend\tests\fixtures\test-utils.js:12:16)

    attachment #1: screenshot (image/png) ──────────────────────────────────────────────────────────
    ..\test-results\e2e-file-upload-File-Uploa-f32d2-te-Google-Sheets-URL-format-chromium\test-failed-1.png
    ────────────────────────────────────────────────────────────────────────────────────────────────

    attachment #2: video (video/webm) ──────────────────────────────────────────────────────────────
    ..\test-results\e2e-file-upload-File-Uploa-f32d2-te-Google-Sheets-URL-format-chromium\video.webm
    ────────────────────────────────────────────────────────────────────────────────────────────────
]]>
</failure>
<system-out>
<![CDATA[
[[ATTACHMENT|e2e-file-upload-File-Uploa-f32d2-te-Google-Sheets-URL-format-chromium\test-failed-1.png]]

[[ATTACHMENT|e2e-file-upload-File-Uploa-f32d2-te-Google-Sheets-URL-format-chromium\video.webm]]
]]>
</system-out>
</testcase>
<testcase name="File Upload and Analysis › should show file preview before analysis" classname="e2e\file-upload.spec.js" time="16.849">
<skipped>
</skipped>
</testcase>
</testsuite>
<testsuite name="performance\performance.spec.js" timestamp="2025-08-08T22:53:42.161Z" hostname="chromium" tests="7" failures="2" skipped="5" time="79.434" errors="0">
<testcase name="Performance Tests › should load homepage within performance budget" classname="performance\performance.spec.js" time="3.782">
<failure message="performance.spec.js:5:3 should load homepage within performance budget" type="FAILURE">
<![CDATA[  [chromium] › performance\performance.spec.js:5:3 › Performance Tests › should load homepage within performance budget 

    Error: expect(received).toBeLessThan(expected)

    Expected: < 3000
    Received:   3241

      15 |     
      16 |     // Performance assertions
    > 17 |     expect(loadTime).toBeLessThan(3000) // Should load within 3 seconds
         |                      ^
      18 |     
      19 |     // Check Core Web Vitals
      20 |     const metrics = await page.evaluate(() => {
        at C:\Users\parth\OneDrive\Desktop\Github\Excel-AI-Website\Excel-AI-Website\excel-ai-frontend\tests\performance\performance.spec.js:17:22

    attachment #1: screenshot (image/png) ──────────────────────────────────────────────────────────
    ..\test-results\performance-performance-Pe-3ea0b-e-within-performance-budget-chromium\test-failed-1.png
    ────────────────────────────────────────────────────────────────────────────────────────────────

    attachment #2: video (video/webm) ──────────────────────────────────────────────────────────────
    ..\test-results\performance-performance-Pe-3ea0b-e-within-performance-budget-chromium\video.webm
    ────────────────────────────────────────────────────────────────────────────────────────────────
]]>
</failure>
<system-out>
<![CDATA[
[[ATTACHMENT|performance-performance-Pe-3ea0b-e-within-performance-budget-chromium\test-failed-1.png]]

[[ATTACHMENT|performance-performance-Pe-3ea0b-e-within-performance-budget-chromium\video.webm]]
]]>
</system-out>
</testcase>
<testcase name="Performance Tests › should handle API response times efficiently" classname="performance\performance.spec.js" time="16.681">
<skipped>
</skipped>
</testcase>
<testcase name="Performance Tests › should efficiently render large datasets" classname="performance\performance.spec.js" time="16.535">
<skipped>
</skipped>
</testcase>
<testcase name="Performance Tests › should optimize bundle size and loading" classname="performance\performance.spec.js" time="3.574">
<failure message="performance.spec.js:98:3 should optimize bundle size and loading" type="FAILURE">
<![CDATA[  [chromium] › performance\performance.spec.js:98:3 › Performance Tests › should optimize bundle size and loading 

    Error: expect(received).toBeLessThan(expected)

    Expected: < 2097152
    Received:   9014309

      122 |     
      123 |     // Bundle size assertions (adjust based on your targets)
    > 124 |     expect(totalJSSize).toBeLessThan(2 * 1024 * 1024) // JS should be under 2MB
          |                         ^
      125 |     expect(totalCSSSize).toBeLessThan(500 * 1024) // CSS should be under 500KB
      126 |     
      127 |     // Check for code splitting
        at C:\Users\parth\OneDrive\Desktop\Github\Excel-AI-Website\Excel-AI-Website\excel-ai-frontend\tests\performance\performance.spec.js:124:25

    attachment #1: screenshot (image/png) ──────────────────────────────────────────────────────────
    ..\test-results\performance-performance-Pe-87d60-ize-bundle-size-and-loading-chromium\test-failed-1.png
    ────────────────────────────────────────────────────────────────────────────────────────────────

    attachment #2: video (video/webm) ──────────────────────────────────────────────────────────────
    ..\test-results\performance-performance-Pe-87d60-ize-bundle-size-and-loading-chromium\video.webm
    ────────────────────────────────────────────────────────────────────────────────────────────────
]]>
</failure>
<system-out>
<![CDATA[
[[ATTACHMENT|performance-performance-Pe-87d60-ize-bundle-size-and-loading-chromium\test-failed-1.png]]

[[ATTACHMENT|performance-performance-Pe-87d60-ize-bundle-size-and-loading-chromium\video.webm]]
]]>
</system-out>
</testcase>
<testcase name="Performance Tests › should handle memory usage efficiently" classname="performance\performance.spec.js" time="15.623">
<skipped>
</skipped>
</testcase>
<testcase name="Performance Tests › should lazy load components efficiently" classname="performance\performance.spec.js" time="11.633">
<skipped>
</skipped>
</testcase>
<testcase name="Performance Tests › should cache API responses effectively" classname="performance\performance.spec.js" time="11.606">
<skipped>
</skipped>
</testcase>
</testsuite>
<testsuite name="e2e\auth.spec.js" timestamp="2025-08-08T22:53:42.161Z" hostname="firefox" tests="6" failures="0" skipped="6" time="0" errors="0">
<testcase name="Authentication Flow › should register new user successfully" classname="e2e\auth.spec.js" time="0">
<skipped>
</skipped>
</testcase>
<testcase name="Authentication Flow › should login existing user successfully" classname="e2e\auth.spec.js" time="0">
<skipped>
</skipped>
</testcase>
<testcase name="Authentication Flow › should show error for invalid credentials" classname="e2e\auth.spec.js" time="0">
<skipped>
</skipped>
</testcase>
<testcase name="Authentication Flow › should logout user successfully" classname="e2e\auth.spec.js" time="0">
<skipped>
</skipped>
</testcase>
<testcase name="Authentication Flow › should persist authentication across page reloads" classname="e2e\auth.spec.js" time="0">
<skipped>
</skipped>
</testcase>
<testcase name="Authentication Flow › should handle password reset flow" classname="e2e\auth.spec.js" time="0">
<skipped>
</skipped>
</testcase>
</testsuite>
<testsuite name="e2e\file-upload.spec.js" timestamp="2025-08-08T22:53:42.161Z" hostname="firefox" tests="7" failures="0" skipped="7" time="0" errors="0">
<testcase name="File Upload and Analysis › should upload CSV file and show analysis" classname="e2e\file-upload.spec.js" time="0">
<skipped>
</skipped>
</testcase>
<testcase name="File Upload and Analysis › should handle large file upload with progress" classname="e2e\file-upload.spec.js" time="0">
<skipped>
</skipped>
</testcase>
<testcase name="File Upload and Analysis › should validate file types and show appropriate errors" classname="e2e\file-upload.spec.js" time="0">
<skipped>
</skipped>
</testcase>
<testcase name="File Upload and Analysis › should handle file size limits" classname="e2e\file-upload.spec.js" time="0">
<skipped>
</skipped>
</testcase>
<testcase name="File Upload and Analysis › should analyze Google Sheets URL" classname="e2e\file-upload.spec.js" time="0">
<skipped>
</skipped>
</testcase>
<testcase name="File Upload and Analysis › should validate Google Sheets URL format" classname="e2e\file-upload.spec.js" time="0">
<skipped>
</skipped>
</testcase>
<testcase name="File Upload and Analysis › should show file preview before analysis" classname="e2e\file-upload.spec.js" time="0">
<skipped>
</skipped>
</testcase>
</testsuite>
<testsuite name="performance\performance.spec.js" timestamp="2025-08-08T22:53:42.161Z" hostname="firefox" tests="7" failures="0" skipped="7" time="0" errors="0">
<testcase name="Performance Tests › should load homepage within performance budget" classname="performance\performance.spec.js" time="0">
<skipped>
</skipped>
</testcase>
<testcase name="Performance Tests › should handle API response times efficiently" classname="performance\performance.spec.js" time="0">
<skipped>
</skipped>
</testcase>
<testcase name="Performance Tests › should efficiently render large datasets" classname="performance\performance.spec.js" time="0">
<skipped>
</skipped>
</testcase>
<testcase name="Performance Tests › should optimize bundle size and loading" classname="performance\performance.spec.js" time="0">
<skipped>
</skipped>
</testcase>
<testcase name="Performance Tests › should handle memory usage efficiently" classname="performance\performance.spec.js" time="0">
<skipped>
</skipped>
</testcase>
<testcase name="Performance Tests › should lazy load components efficiently" classname="performance\performance.spec.js" time="0">
<skipped>
</skipped>
</testcase>
<testcase name="Performance Tests › should cache API responses effectively" classname="performance\performance.spec.js" time="0">
<skipped>
</skipped>
</testcase>
</testsuite>
<testsuite name="e2e\auth.spec.js" timestamp="2025-08-08T22:53:42.161Z" hostname="webkit" tests="6" failures="0" skipped="6" time="0" errors="0">
<testcase name="Authentication Flow › should register new user successfully" classname="e2e\auth.spec.js" time="0">
<skipped>
</skipped>
</testcase>
<testcase name="Authentication Flow › should login existing user successfully" classname="e2e\auth.spec.js" time="0">
<skipped>
</skipped>
</testcase>
<testcase name="Authentication Flow › should show error for invalid credentials" classname="e2e\auth.spec.js" time="0">
<skipped>
</skipped>
</testcase>
<testcase name="Authentication Flow › should logout user successfully" classname="e2e\auth.spec.js" time="0">
<skipped>
</skipped>
</testcase>
<testcase name="Authentication Flow › should persist authentication across page reloads" classname="e2e\auth.spec.js" time="0">
<skipped>
</skipped>
</testcase>
<testcase name="Authentication Flow › should handle password reset flow" classname="e2e\auth.spec.js" time="0">
<skipped>
</skipped>
</testcase>
</testsuite>
<testsuite name="e2e\file-upload.spec.js" timestamp="2025-08-08T22:53:42.161Z" hostname="webkit" tests="7" failures="0" skipped="7" time="0" errors="0">
<testcase name="File Upload and Analysis › should upload CSV file and show analysis" classname="e2e\file-upload.spec.js" time="0">
<skipped>
</skipped>
</testcase>
<testcase name="File Upload and Analysis › should handle large file upload with progress" classname="e2e\file-upload.spec.js" time="0">
<skipped>
</skipped>
</testcase>
<testcase name="File Upload and Analysis › should validate file types and show appropriate errors" classname="e2e\file-upload.spec.js" time="0">
<skipped>
</skipped>
</testcase>
<testcase name="File Upload and Analysis › should handle file size limits" classname="e2e\file-upload.spec.js" time="0">
<skipped>
</skipped>
</testcase>
<testcase name="File Upload and Analysis › should analyze Google Sheets URL" classname="e2e\file-upload.spec.js" time="0">
<skipped>
</skipped>
</testcase>
<testcase name="File Upload and Analysis › should validate Google Sheets URL format" classname="e2e\file-upload.spec.js" time="0">
<skipped>
</skipped>
</testcase>
<testcase name="File Upload and Analysis › should show file preview before analysis" classname="e2e\file-upload.spec.js" time="0">
<skipped>
</skipped>
</testcase>
</testsuite>
<testsuite name="performance\performance.spec.js" timestamp="2025-08-08T22:53:42.161Z" hostname="webkit" tests="7" failures="0" skipped="7" time="0" errors="0">
<testcase name="Performance Tests › should load homepage within performance budget" classname="performance\performance.spec.js" time="0">
<skipped>
</skipped>
</testcase>
<testcase name="Performance Tests › should handle API response times efficiently" classname="performance\performance.spec.js" time="0">
<skipped>
</skipped>
</testcase>
<testcase name="Performance Tests › should efficiently render large datasets" classname="performance\performance.spec.js" time="0">
<skipped>
</skipped>
</testcase>
<testcase name="Performance Tests › should optimize bundle size and loading" classname="performance\performance.spec.js" time="0">
<skipped>
</skipped>
</testcase>
<testcase name="Performance Tests › should handle memory usage efficiently" classname="performance\performance.spec.js" time="0">
<skipped>
</skipped>
</testcase>
<testcase name="Performance Tests › should lazy load components efficiently" classname="performance\performance.spec.js" time="0">
<skipped>
</skipped>
</testcase>
<testcase name="Performance Tests › should cache API responses effectively" classname="performance\performance.spec.js" time="0">
<skipped>
</skipped>
</testcase>
</testsuite>
<testsuite name="e2e\auth.spec.js" timestamp="2025-08-08T22:53:42.161Z" hostname="Mobile Chrome" tests="6" failures="0" skipped="6" time="0" errors="0">
<testcase name="Authentication Flow › should register new user successfully" classname="e2e\auth.spec.js" time="0">
<skipped>
</skipped>
</testcase>
<testcase name="Authentication Flow › should login existing user successfully" classname="e2e\auth.spec.js" time="0">
<skipped>
</skipped>
</testcase>
<testcase name="Authentication Flow › should show error for invalid credentials" classname="e2e\auth.spec.js" time="0">
<skipped>
</skipped>
</testcase>
<testcase name="Authentication Flow › should logout user successfully" classname="e2e\auth.spec.js" time="0">
<skipped>
</skipped>
</testcase>
<testcase name="Authentication Flow › should persist authentication across page reloads" classname="e2e\auth.spec.js" time="0">
<skipped>
</skipped>
</testcase>
<testcase name="Authentication Flow › should handle password reset flow" classname="e2e\auth.spec.js" time="0">
<skipped>
</skipped>
</testcase>
</testsuite>
<testsuite name="e2e\file-upload.spec.js" timestamp="2025-08-08T22:53:42.161Z" hostname="Mobile Chrome" tests="7" failures="0" skipped="7" time="0" errors="0">
<testcase name="File Upload and Analysis › should upload CSV file and show analysis" classname="e2e\file-upload.spec.js" time="0">
<skipped>
</skipped>
</testcase>
<testcase name="File Upload and Analysis › should handle large file upload with progress" classname="e2e\file-upload.spec.js" time="0">
<skipped>
</skipped>
</testcase>
<testcase name="File Upload and Analysis › should validate file types and show appropriate errors" classname="e2e\file-upload.spec.js" time="0">
<skipped>
</skipped>
</testcase>
<testcase name="File Upload and Analysis › should handle file size limits" classname="e2e\file-upload.spec.js" time="0">
<skipped>
</skipped>
</testcase>
<testcase name="File Upload and Analysis › should analyze Google Sheets URL" classname="e2e\file-upload.spec.js" time="0">
<skipped>
</skipped>
</testcase>
<testcase name="File Upload and Analysis › should validate Google Sheets URL format" classname="e2e\file-upload.spec.js" time="0">
<skipped>
</skipped>
</testcase>
<testcase name="File Upload and Analysis › should show file preview before analysis" classname="e2e\file-upload.spec.js" time="0">
<skipped>
</skipped>
</testcase>
</testsuite>
<testsuite name="performance\performance.spec.js" timestamp="2025-08-08T22:53:42.161Z" hostname="Mobile Chrome" tests="7" failures="0" skipped="7" time="0" errors="0">
<testcase name="Performance Tests › should load homepage within performance budget" classname="performance\performance.spec.js" time="0">
<skipped>
</skipped>
</testcase>
<testcase name="Performance Tests › should handle API response times efficiently" classname="performance\performance.spec.js" time="0">
<skipped>
</skipped>
</testcase>
<testcase name="Performance Tests › should efficiently render large datasets" classname="performance\performance.spec.js" time="0">
<skipped>
</skipped>
</testcase>
<testcase name="Performance Tests › should optimize bundle size and loading" classname="performance\performance.spec.js" time="0">
<skipped>
</skipped>
</testcase>
<testcase name="Performance Tests › should handle memory usage efficiently" classname="performance\performance.spec.js" time="0">
<skipped>
</skipped>
</testcase>
<testcase name="Performance Tests › should lazy load components efficiently" classname="performance\performance.spec.js" time="0">
<skipped>
</skipped>
</testcase>
<testcase name="Performance Tests › should cache API responses effectively" classname="performance\performance.spec.js" time="0">
<skipped>
</skipped>
</testcase>
</testsuite>
<testsuite name="e2e\auth.spec.js" timestamp="2025-08-08T22:53:42.161Z" hostname="Mobile Safari" tests="6" failures="0" skipped="6" time="0" errors="0">
<testcase name="Authentication Flow › should register new user successfully" classname="e2e\auth.spec.js" time="0">
<skipped>
</skipped>
</testcase>
<testcase name="Authentication Flow › should login existing user successfully" classname="e2e\auth.spec.js" time="0">
<skipped>
</skipped>
</testcase>
<testcase name="Authentication Flow › should show error for invalid credentials" classname="e2e\auth.spec.js" time="0">
<skipped>
</skipped>
</testcase>
<testcase name="Authentication Flow › should logout user successfully" classname="e2e\auth.spec.js" time="0">
<skipped>
</skipped>
</testcase>
<testcase name="Authentication Flow › should persist authentication across page reloads" classname="e2e\auth.spec.js" time="0">
<skipped>
</skipped>
</testcase>
<testcase name="Authentication Flow › should handle password reset flow" classname="e2e\auth.spec.js" time="0">
<skipped>
</skipped>
</testcase>
</testsuite>
<testsuite name="e2e\file-upload.spec.js" timestamp="2025-08-08T22:53:42.161Z" hostname="Mobile Safari" tests="7" failures="0" skipped="7" time="0" errors="0">
<testcase name="File Upload and Analysis › should upload CSV file and show analysis" classname="e2e\file-upload.spec.js" time="0">
<skipped>
</skipped>
</testcase>
<testcase name="File Upload and Analysis › should handle large file upload with progress" classname="e2e\file-upload.spec.js" time="0">
<skipped>
</skipped>
</testcase>
<testcase name="File Upload and Analysis › should validate file types and show appropriate errors" classname="e2e\file-upload.spec.js" time="0">
<skipped>
</skipped>
</testcase>
<testcase name="File Upload and Analysis › should handle file size limits" classname="e2e\file-upload.spec.js" time="0">
<skipped>
</skipped>
</testcase>
<testcase name="File Upload and Analysis › should analyze Google Sheets URL" classname="e2e\file-upload.spec.js" time="0">
<skipped>
</skipped>
</testcase>
<testcase name="File Upload and Analysis › should validate Google Sheets URL format" classname="e2e\file-upload.spec.js" time="0">
<skipped>
</skipped>
</testcase>
<testcase name="File Upload and Analysis › should show file preview before analysis" classname="e2e\file-upload.spec.js" time="0">
<skipped>
</skipped>
</testcase>
</testsuite>
<testsuite name="performance\performance.spec.js" timestamp="2025-08-08T22:53:42.161Z" hostname="Mobile Safari" tests="7" failures="0" skipped="7" time="0" errors="0">
<testcase name="Performance Tests › should load homepage within performance budget" classname="performance\performance.spec.js" time="0">
<skipped>
</skipped>
</testcase>
<testcase name="Performance Tests › should handle API response times efficiently" classname="performance\performance.spec.js" time="0">
<skipped>
</skipped>
</testcase>
<testcase name="Performance Tests › should efficiently render large datasets" classname="performance\performance.spec.js" time="0">
<skipped>
</skipped>
</testcase>
<testcase name="Performance Tests › should optimize bundle size and loading" classname="performance\performance.spec.js" time="0">
<skipped>
</skipped>
</testcase>
<testcase name="Performance Tests › should handle memory usage efficiently" classname="performance\performance.spec.js" time="0">
<skipped>
</skipped>
</testcase>
<testcase name="Performance Tests › should lazy load components efficiently" classname="performance\performance.spec.js" time="0">
<skipped>
</skipped>
</testcase>
<testcase name="Performance Tests › should cache API responses effectively" classname="performance\performance.spec.js" time="0">
<skipped>
</skipped>
</testcase>
</testsuite>
</testsuites>